[roslaunch][INFO] 2023-06-23 22:53:32,198: Checking log directory for disk usage. This may take a while.
Press Ctrl-C to interrupt
[roslaunch][INFO] 2023-06-23 22:53:32,201: Done checking log file disk usage. Usage is <1GB.
[roslaunch][INFO] 2023-06-23 22:53:32,201: roslaunch starting with args ['roscore', '--core']
[roslaunch][INFO] 2023-06-23 22:53:32,201: roslaunch env is environ({'ROS_VERSION': '1', 'PKG_CONFIG_PATH': '/opt/ros/noetic/lib/pkgconfig', 'ROS_PYTHON_VERSION': '3', 'HUSKY_LOGITECH': '1', 'HUSKY_LASER_3D_ENABLED': '1', 'ROS_PACKAGE_PATH': '/opt/ros/noetic/share', 'ROSLISP_PACKAGE_DIRECTORIES': '', 'PWD': '/home/ubuntu', 'container': 'lxc', 'ROS_IP': '10.25.240.158', 'HOME': '/home/ubuntu/', 'LANG': 'C.UTF-8', 'ROS_ETC_DIR': '/opt/ros/noetic/etc/ros', 'CMAKE_PREFIX_PATH': '/opt/ros/noetic', 'PYTHONPATH': '/opt/ros/noetic/lib/python3/dist-packages', 'TERM': 'xterm-256color', 'DISPLAY': ':0', 'SHLVL': '1', 'ROS_MASTER_URI': 'http://husky:11311', 'LD_LIBRARY_PATH': '/opt/ros/noetic/lib', 'XDG_DATA_DIRS': '/usr/local/share:/usr/share:/var/lib/snapd/desktop', 'PATH': '/opt/ros/noetic/bin:/usr/local/sbin:/usr/local/bin:/usr/sbin:/usr/bin:/sbin:/bin:/snap/bin', 'ROS_ROOT': '/opt/ros/noetic/share/ros', 'ROS_DISTRO': 'noetic', 'OLDPWD': '/home/ubuntu/ros/catkin_ws', '_': '/opt/ros/noetic/bin/roscore', 'ROS_LOG_FILENAME': '/home/ubuntu/.ros/log/c6f58062-1218-11ee-9dff-c7104ad13118/roslaunch-ros-872.log'})
[roslaunch][INFO] 2023-06-23 22:53:32,201: starting in server mode
[roslaunch.parent][INFO] 2023-06-23 22:53:32,201: starting roslaunch parent run
[roslaunch][INFO] 2023-06-23 22:53:32,201: loading roscore config file /opt/ros/noetic/etc/ros/roscore.xml
[roslaunch][INFO] 2023-06-23 22:53:32,325: Added core node of type [rosout/rosout] in namespace [/]
[roslaunch.pmon][INFO] 2023-06-23 22:53:32,326: start_process_monitor: creating ProcessMonitor
[roslaunch.pmon][INFO] 2023-06-23 22:53:32,326: created process monitor <ProcessMonitor(ProcessMonitor-1, initial daemon)>
[roslaunch.pmon][INFO] 2023-06-23 22:53:32,326: start_process_monitor: ProcessMonitor started
[roslaunch.parent][INFO] 2023-06-23 22:53:32,326: starting parent XML-RPC server
[roslaunch.server][INFO] 2023-06-23 22:53:32,326: starting roslaunch XML-RPC server
[roslaunch.server][INFO] 2023-06-23 22:53:32,326: waiting for roslaunch XML-RPC server to initialize
[xmlrpc][INFO] 2023-06-23 22:53:32,326: XML-RPC server binding to 0.0.0.0:0
[xmlrpc][INFO] 2023-06-23 22:53:32,327: Started XML-RPC server [http://10.25.240.158:33415/]
[xmlrpc][INFO] 2023-06-23 22:53:32,327: xml rpc node: starting XML-RPC server
[roslaunch][INFO] 2023-06-23 22:53:32,342: started roslaunch server http://10.25.240.158:33415/
[roslaunch.parent][INFO] 2023-06-23 22:53:32,342: ... parent XML-RPC server started
[roslaunch][INFO] 2023-06-23 22:53:32,342: master.is_running[http://10.25.240.158:11311/]
[roslaunch][ERROR] 2023-06-23 22:53:32,348: WARNING: ROS_MASTER_URI [http://husky:11311] host is not set to this machine
[roslaunch][INFO] 2023-06-23 22:53:32,348: auto-starting new master
[roslaunch][INFO] 2023-06-23 22:53:32,348: create_master_process: rosmaster, /opt/ros/noetic/share/ros, 11311, 3, None, False
[roslaunch][INFO] 2023-06-23 22:53:32,349: process[master]: launching with args [['rosmaster', '--core', '-p', '11311', '-w', '3']]
[roslaunch.pmon][INFO] 2023-06-23 22:53:32,349: ProcessMonitor.register[master]
[roslaunch.pmon][INFO] 2023-06-23 22:53:32,349: ProcessMonitor.register[master] complete
[roslaunch][INFO] 2023-06-23 22:53:32,349: process[master]: starting os process
[roslaunch][INFO] 2023-06-23 22:53:32,350: process[master]: start w/ args [['rosmaster', '--core', '-p', '11311', '-w', '3', '__log:=/home/ubuntu/.ros/log/c6f58062-1218-11ee-9dff-c7104ad13118/master.log']]
[roslaunch][INFO] 2023-06-23 22:53:32,350: process[master]: cwd will be [/home/ubuntu/.ros]
[roslaunch][INFO] 2023-06-23 22:53:32,354: process[master]: started with pid [882]
[roslaunch][INFO] 2023-06-23 22:53:32,354: master.is_running[http://10.25.240.158:11311/]
[roslaunch][INFO] 2023-06-23 22:53:32,455: master.is_running[http://10.25.240.158:11311/]
[roslaunch][INFO] 2023-06-23 22:53:32,556: master.is_running[http://10.25.240.158:11311/]
[roslaunch][INFO] 2023-06-23 22:53:32,559: master.is_running[http://10.25.240.158:11311/]
[roslaunch][INFO] 2023-06-23 22:53:32,562: ROS_MASTER_URI=http://10.25.240.158:11311/
[roslaunch][INFO] 2023-06-23 22:53:32,565: setting /run_id to c6f58062-1218-11ee-9dff-c7104ad13118
[roslaunch][INFO] 2023-06-23 22:53:32,567: setting /roslaunch/uris/host_10_25_240_158__33415' to http://10.25.240.158:33415/
[roslaunch][INFO] 2023-06-23 22:53:32,571: ... preparing to launch node of type [rosout/rosout]
[roslaunch][INFO] 2023-06-23 22:53:32,571: create_node_process: package[rosout] type[rosout] machine[Machine(name[] env_loader[None] address[localhost] ssh_port[22] user[None] assignable[True] timeout[10.0])] master_uri[http://10.25.240.158:11311/]
[roslaunch][INFO] 2023-06-23 22:53:32,572: process[rosout-1]: env[{'ROS_VERSION': '1', 'PKG_CONFIG_PATH': '/opt/ros/noetic/lib/pkgconfig', 'ROS_PYTHON_VERSION': '3', 'HUSKY_LOGITECH': '1', 'HUSKY_LASER_3D_ENABLED': '1', 'ROS_PACKAGE_PATH': '/opt/ros/noetic/share', 'ROSLISP_PACKAGE_DIRECTORIES': '', 'PWD': '/home/ubuntu', 'container': 'lxc', 'ROS_IP': '10.25.240.158', 'HOME': '/home/ubuntu/', 'LANG': 'C.UTF-8', 'ROS_ETC_DIR': '/opt/ros/noetic/etc/ros', 'CMAKE_PREFIX_PATH': '/opt/ros/noetic', 'PYTHONPATH': '/opt/ros/noetic/lib/python3/dist-packages', 'TERM': 'xterm-256color', 'DISPLAY': ':0', 'SHLVL': '1', 'ROS_MASTER_URI': 'http://10.25.240.158:11311/', 'LD_LIBRARY_PATH': '/opt/ros/noetic/lib', 'XDG_DATA_DIRS': '/usr/local/share:/usr/share:/var/lib/snapd/desktop', 'PATH': '/opt/ros/noetic/bin:/usr/local/sbin:/usr/local/bin:/usr/sbin:/usr/bin:/sbin:/bin:/snap/bin', 'ROS_ROOT': '/opt/ros/noetic/share/ros', 'ROS_DISTRO': 'noetic', 'OLDPWD': '/home/ubuntu/ros/catkin_ws', '_': '/opt/ros/noetic/bin/roscore', 'ROS_LOG_FILENAME': '/home/ubuntu/.ros/log/c6f58062-1218-11ee-9dff-c7104ad13118/roslaunch-ros-872.log'}]
[roslaunch][INFO] 2023-06-23 22:53:32,589: process[rosout-1]: args[['/opt/ros/noetic/lib/rosout/rosout', '__name:=rosout']]
[roslaunch][INFO] 2023-06-23 22:53:32,589: ... created process [rosout-1]
[roslaunch.pmon][INFO] 2023-06-23 22:53:32,589: ProcessMonitor.register[rosout-1]
[roslaunch.pmon][INFO] 2023-06-23 22:53:32,589: ProcessMonitor.register[rosout-1] complete
[roslaunch][INFO] 2023-06-23 22:53:32,589: ... registered process [rosout-1]
[roslaunch][INFO] 2023-06-23 22:53:32,589: process[rosout-1]: starting os process
[roslaunch][INFO] 2023-06-23 22:53:32,589: process[rosout-1]: start w/ args [['/opt/ros/noetic/lib/rosout/rosout', '__name:=rosout', '__log:=/home/ubuntu/.ros/log/c6f58062-1218-11ee-9dff-c7104ad13118/rosout-1.log']]
[roslaunch][INFO] 2023-06-23 22:53:32,589: process[rosout-1]: cwd will be [/home/ubuntu/.ros]
[roslaunch][INFO] 2023-06-23 22:53:32,592: process[rosout-1]: started with pid [892]
[roslaunch][INFO] 2023-06-23 22:53:32,592: ... successfully launched [rosout-1]
[roslaunch][INFO] 2023-06-23 22:53:32,593: load_parameters starting ...
[roslaunch][INFO] 2023-06-23 22:53:32,595: ... load_parameters complete
[roslaunch][INFO] 2023-06-23 22:53:32,595: launch_nodes: launching local nodes ...
[roslaunch][INFO] 2023-06-23 22:53:32,595: ... launch_nodes complete
[roslaunch.pmon][INFO] 2023-06-23 22:53:32,595: registrations completed <ProcessMonitor(ProcessMonitor-1, started daemon 140501353953024)>
[roslaunch.parent][INFO] 2023-06-23 22:53:32,595: ... roslaunch parent running, waiting for process exit
[roslaunch][INFO] 2023-06-23 22:53:32,595: spin
[roslaunch.pmon][INFO] 2023-06-23 22:53:33,022: ProcessMonitor.shutdown <ProcessMonitor(ProcessMonitor-1, started daemon 140501353953024)>
[roslaunch.pmon][INFO] 2023-06-23 22:53:33,029: ProcessMonitor._post_run <ProcessMonitor(ProcessMonitor-1, started daemon 140501353953024)>
[roslaunch.pmon][INFO] 2023-06-23 22:53:33,029: ProcessMonitor._post_run <ProcessMonitor(ProcessMonitor-1, started daemon 140501353953024)>: remaining procs are [<roslaunch.nodeprocess.LocalProcess object at 0x7fc9054c8ee0>, <roslaunch.nodeprocess.LocalProcess object at 0x7fc9054c8f70>]
[roslaunch.pmon][INFO] 2023-06-23 22:53:33,033: ProcessMonitor exit: killing rosout-1
[roslaunch][INFO] 2023-06-23 22:53:33,033: [rosout-1] killing on exit
[roslaunch][INFO] 2023-06-23 22:53:33,033: process[rosout-1]: killing os process with pid[892] pgid[892]
[roslaunch][INFO] 2023-06-23 22:53:33,034: [rosout-1] sending SIGINT to pgid [892]
[roslaunch][INFO] 2023-06-23 22:53:33,034: [rosout-1] sent SIGINT to pgid [892]
[roslaunch][INFO] 2023-06-23 22:53:33,235: process[rosout-1]: SIGINT killed with return value 0
[roslaunch.pmon][INFO] 2023-06-23 22:53:33,235: ProcessMonitor exit: killing master
[roslaunch][INFO] 2023-06-23 22:53:33,235: [master] killing on exit
[roslaunch][INFO] 2023-06-23 22:53:33,235: process[master]: killing os process with pid[882] pgid[882]
[roslaunch][INFO] 2023-06-23 22:53:33,235: [master] sending SIGINT to pgid [882]
[roslaunch][INFO] 2023-06-23 22:53:33,236: [master] sent SIGINT to pgid [882]
[roslaunch][INFO] 2023-06-23 22:53:33,437: process[master]: SIGINT killed with return value 0
[roslaunch.pmon][INFO] 2023-06-23 22:53:33,437: ProcessMonitor exit: cleaning up data structures and signals
[roslaunch.pmon][INFO] 2023-06-23 22:53:33,437: ProcessMonitor exit: pmon has shutdown
[roslaunch][INFO] 2023-06-23 22:53:33,438: process monitor is done spinning, initiating full shutdown
[roslaunch][INFO] 2023-06-23 22:53:33,438: runner.stop()
[roslaunch][INFO] 2023-06-23 22:53:33,438: shutting down processing monitor...
[roslaunch][INFO] 2023-06-23 22:53:33,438: shutting down processing monitor <ProcessMonitor(ProcessMonitor-1, stopped daemon 140501353953024)>
[roslaunch.pmon][INFO] 2023-06-23 22:53:33,438: ProcessMonitor.shutdown <ProcessMonitor(ProcessMonitor-1, stopped daemon 140501353953024)>
[roslaunch][INFO] 2023-06-23 22:53:33,438: ... shutting down processing monitor complete
[roslaunch][INFO] 2023-06-23 22:53:33,439: done
[roslaunch.pmon][INFO] 2023-06-23 22:53:33,439: ProcessMonitor.shutdown <ProcessMonitor(ProcessMonitor-1, stopped daemon 140501353953024)>
[rospy.core][INFO] 2023-06-23 22:53:33,439: signal_shutdown [atexit]
